TN:
SF:src/common/networkSides.ts
FNF:0
FNH:0
DA:1,0
DA:3,0
DA:8,0
LF:3
LH:0
BRF:0
BRH:0
end_of_record
TN:
SF:src/plugin/gcode/builder.ts
FN:6,(anonymous_0)
FN:11,(anonymous_1)
FN:13,(anonymous_2)
FN:18,(anonymous_3)
FN:19,(anonymous_4)
FN:22,(anonymous_5)
FNF:6
FNH:6
FNDA:15,(anonymous_0)
FNDA:11,(anonymous_1)
FNDA:10,(anonymous_2)
FNDA:11,(anonymous_3)
FNDA:23,(anonymous_4)
FNDA:2,(anonymous_5)
DA:3,1
DA:4,11
DA:7,15
DA:8,15
DA:12,11
DA:13,10
DA:15,11
DA:19,23
DA:23,2
DA:24,2
LF:10
LH:10
BRF:0
BRH:0
end_of_record
TN:
SF:src/plugin/gcode/commands.ts
FN:5,(anonymous_0)
FN:7,(anonymous_1)
FN:16,(anonymous_2)
FN:22,(anonymous_3)
FN:32,(anonymous_4)
FN:40,(anonymous_5)
FN:53,(anonymous_6)
FN:55,(anonymous_7)
FN:69,(anonymous_8)
FN:71,(anonymous_9)
FN:77,(anonymous_10)
FN:83,(anonymous_11)
FN:93,(anonymous_12)
FNF:13
FNH:13
FNDA:11,(anonymous_0)
FNDA:10,(anonymous_1)
FNDA:12,(anonymous_2)
FNDA:11,(anonymous_3)
FNDA:4,(anonymous_4)
FNDA:4,(anonymous_5)
FNDA:6,(anonymous_6)
FNDA:6,(anonymous_7)
FNDA:3,(anonymous_8)
FNDA:3,(anonymous_9)
FNDA:2,(anonymous_10)
FNDA:2,(anonymous_11)
FNDA:1,(anonymous_12)
DA:4,2
DA:5,11
DA:8,10
DA:9,10
DA:15,2
DA:17,12
DA:18,12
DA:19,12
DA:23,11
DA:24,11
DA:25,11
DA:31,2
DA:33,4
DA:34,4
DA:35,4
DA:36,4
DA:37,4
DA:41,4
DA:42,4
DA:43,4
DA:44,4
DA:52,2
DA:53,6
DA:56,6
DA:57,3
DA:61,3
DA:68,2
DA:69,3
DA:72,3
DA:76,2
DA:78,2
DA:79,2
DA:80,2
DA:84,2
DA:92,2
DA:94,1
LF:36
LH:36
BRDA:8,0,0,3
BRDA:8,0,1,7
BRDA:23,1,0,6
BRDA:23,1,1,5
BRDA:24,2,0,4
BRDA:24,2,1,7
BRDA:35,3,0,0
BRDA:41,4,0,2
BRDA:41,4,1,2
BRDA:42,5,0,1
BRDA:42,5,1,3
BRDA:43,6,0,1
BRDA:43,6,1,3
BRDA:53,7,0,2
BRDA:56,8,0,3
BRDA:56,8,1,3
BRDA:57,9,0,2
BRDA:57,9,1,1
BRDA:61,10,0,2
BRDA:61,10,1,1
BRF:20
BRH:19
end_of_record
